========================================================
====================  TTCLUST 4.10.3  ===================
========================================================

************ General information ************
software version   : 4.10.3
Created on         : 2025-01-14 22:29:00.065442
command line       : python /data1/zhouziang/conda/conda/envs/ttclust/bin/ttclust -f pro.xtc -t pro_0.gro 
DESTINATION FOLDER : /data1/zhouziang/project/A2B1_MD/charmm36m/2_oring/3_p4_rna_GMX/11_ttclust/clustering
ARGUMENTS : 
  Selection string :
      Atoms selected in trajectory = all 
      Atoms selected for alignement = backbone 
      Atoms selected for RMSD = backbone 
  trajectory file  : pro.xtc 
   Stride          : 1 
   Number of frames  : 1001 
   Number of atoms  : 2863 
  topology file    : pro_0.gro 
  method used of clusterring : ward

  Number of cluster asked: auto
Saving distance matrix : backbone.npy
Saving linkage matrix : backbone--backbone_linkage_ward.npy
  cutoff for clustering : 24.72

**** Cluster Results
cluster 1
    size = 313
    representative frame=934
    spread  : 2.00 
    Frames : [1, 5, 20, 21, 22, 23, 24, 36, 62, 63, 75, 88, 89, 104, 105, 107, 108, 109, 112, 115, 116, 117, 118, 119, 120, 121, 122, 123, 124, 125, 126, 127, 128, 129, 130, 131, 132, 133, 134, 135, 136, 137, 138, 139, 140, 141, 142, 143, 144, 145, 146, 147, 148, 149, 150, 151, 152, 153, 154, 155, 156, 157, 158, 159, 160, 161, 162, 165, 166, 167, 168, 169, 170, 171, 172, 173, 174, 175, 176, 177, 178, 179, 180, 181, 182, 183, 184, 185, 188, 189, 190, 191, 192, 193, 194, 195, 217, 283, 629, 630, 631, 687, 688, 691, 692, 699, 701, 703, 706, 707, 749, 750, 752, 753, 754, 755, 756, 757, 758, 779, 781, 782, 783, 784, 785, 786, 787, 788, 789, 790, 791, 793, 794, 795, 796, 797, 798, 799, 800, 801, 802, 803, 804, 805, 806, 807, 808, 809, 810, 811, 812, 826, 830, 831, 832, 833, 834, 835, 836, 837, 838, 839, 840, 841, 842, 843, 844, 845, 846, 847, 848, 849, 850, 851, 852, 853, 854, 855, 856, 857, 858, 859, 860, 861, 862, 863, 864, 865, 866, 867, 868, 869, 870, 871, 872, 873, 874, 875, 876, 877, 878, 879, 880, 881, 882, 883, 884, 885, 886, 887, 888, 889, 890, 891, 892, 893, 894, 895, 896, 897, 898, 899, 900, 901, 902, 903, 904, 905, 906, 907, 908, 909, 910, 911, 912, 913, 914, 915, 916, 917, 918, 919, 920, 921, 922, 923, 924, 925, 926, 927, 928, 929, 930, 931, 932, 933, 934, 935, 936, 937, 938, 939, 940, 943, 944, 945, 946, 947, 948, 949, 950, 951, 952, 953, 954, 955, 956, 957, 958, 959, 960, 961, 962, 963, 964, 965, 966, 967, 968, 969, 970, 971, 972, 973, 974, 975, 976, 977, 978, 979, 980, 981, 982, 983, 984, 985, 986, 995, 997, 998, 999, 1000, 1001] 
cluster 2
    size = 362
    representative frame=282
    spread  : 2.16 
    Frames : [2, 3, 4, 6, 7, 8, 9, 10, 11, 12, 13, 14, 15, 16, 17, 18, 19, 25, 26, 27, 28, 29, 30, 31, 32, 33, 34, 35, 37, 38, 39, 40, 41, 42, 43, 47, 48, 49, 50, 51, 52, 53, 54, 55, 56, 57, 58, 59, 60, 61, 64, 65, 66, 68, 69, 70, 71, 72, 73, 74, 76, 77, 78, 79, 80, 81, 82, 83, 84, 85, 86, 87, 90, 91, 92, 93, 94, 95, 96, 97, 98, 99, 100, 101, 102, 103, 106, 110, 111, 113, 114, 163, 164, 186, 187, 196, 197, 198, 199, 200, 201, 202, 203, 207, 213, 214, 215, 216, 218, 219, 220, 222, 224, 225, 228, 229, 237, 238, 239, 241, 242, 244, 245, 246, 247, 252, 253, 254, 255, 256, 257, 262, 263, 264, 265, 266, 267, 268, 269, 270, 271, 272, 273, 274, 275, 276, 277, 278, 279, 280, 281, 282, 284, 285, 286, 287, 288, 289, 290, 291, 292, 294, 295, 296, 299, 300, 304, 449, 450, 451, 452, 453, 454, 455, 456, 457, 458, 459, 460, 461, 463, 464, 465, 466, 483, 486, 487, 488, 489, 490, 491, 502, 503, 504, 505, 507, 508, 509, 517, 521, 522, 523, 524, 525, 526, 529, 530, 531, 532, 533, 534, 535, 536, 537, 538, 539, 540, 541, 542, 543, 544, 545, 546, 547, 548, 560, 561, 562, 563, 564, 565, 566, 567, 568, 569, 570, 571, 572, 573, 574, 575, 576, 577, 578, 579, 580, 581, 582, 583, 584, 585, 586, 587, 588, 589, 590, 591, 592, 593, 594, 595, 596, 597, 598, 599, 600, 601, 602, 603, 604, 605, 606, 607, 608, 609, 610, 611, 612, 613, 614, 615, 616, 617, 618, 619, 620, 621, 622, 623, 624, 625, 626, 627, 628, 632, 633, 634, 635, 636, 641, 642, 643, 650, 656, 681, 686, 689, 690, 693, 694, 695, 696, 697, 698, 702, 708, 709, 715, 716, 717, 730, 731, 732, 733, 737, 738, 741, 742, 743, 744, 745, 746, 747, 748, 751, 759, 760, 761, 762, 763, 764, 765, 766, 767, 768, 774, 780, 813, 814, 815, 816, 817, 818, 819, 821, 822, 823, 824, 825, 827, 828, 829] 
cluster 3
    size = 279
    representative frame=322
    spread  : 2.06 
    Frames : [44, 45, 46, 67, 204, 205, 206, 208, 209, 210, 211, 212, 221, 223, 226, 227, 230, 231, 232, 233, 234, 235, 236, 240, 243, 248, 249, 250, 251, 258, 259, 260, 261, 293, 297, 298, 301, 302, 303, 305, 306, 307, 308, 309, 310, 311, 312, 313, 314, 315, 316, 317, 318, 319, 320, 321, 322, 323, 324, 325, 326, 327, 328, 329, 330, 331, 332, 333, 334, 335, 336, 337, 338, 339, 340, 341, 342, 343, 344, 345, 346, 347, 348, 349, 350, 351, 352, 353, 354, 355, 356, 357, 358, 359, 360, 361, 362, 363, 364, 365, 366, 367, 368, 369, 370, 371, 372, 373, 374, 375, 376, 377, 378, 379, 380, 381, 382, 383, 384, 385, 386, 387, 388, 389, 390, 391, 392, 393, 394, 395, 396, 397, 398, 399, 400, 401, 402, 403, 404, 405, 406, 407, 408, 409, 410, 411, 412, 413, 414, 415, 416, 417, 418, 419, 420, 421, 422, 423, 424, 425, 426, 427, 428, 429, 430, 431, 432, 433, 434, 435, 436, 437, 438, 439, 440, 441, 442, 443, 444, 445, 446, 447, 448, 462, 467, 468, 469, 470, 471, 472, 473, 474, 475, 476, 477, 478, 479, 480, 481, 482, 484, 485, 492, 493, 494, 495, 496, 497, 498, 499, 500, 501, 506, 510, 511, 512, 513, 514, 515, 516, 518, 519, 520, 527, 528, 549, 550, 551, 552, 553, 554, 555, 556, 557, 558, 559, 637, 638, 639, 640, 644, 645, 646, 647, 648, 649, 651, 653, 710, 711, 712, 713, 714, 718, 719, 720, 721, 722, 723, 724, 725, 726, 727, 728, 729, 734, 735, 739, 740, 769, 770, 771, 772, 773, 775, 776, 777, 778, 820] 
cluster 4
    size = 29
    representative frame=700
    spread  : 5.38 
    Frames : [652, 654, 655, 657, 658, 659, 662, 663, 665, 666, 676, 677, 678, 679, 680, 682, 683, 684, 685, 700, 704, 705, 736, 792, 941, 942, 993, 994, 996] 
cluster 5
    size = 18
    representative frame=669
    spread  : 7.16 
    Frames : [660, 661, 664, 667, 668, 669, 670, 671, 672, 673, 674, 675, 987, 988, 989, 990, 991, 992] 
----------------------------
RMSD MATRIX BETWEEN CLUSTERS
+----------+------+------+------+------+------+
| Clusters |  C1  |  C2  |  C3  |  C4  |  C5  |
+----------+------+------+------+------+------+
|    C1    | 0.00 | 1.93 | 2.34 | 4.88 | 9.42 |
|    C2    | 1.93 | 0.00 | 2.85 | 4.64 | 9.21 |
|    C3    | 2.34 | 2.85 | 0.00 | 5.48 | 9.69 |
|    C4    | 4.88 | 4.64 | 5.48 | 0.00 | 8.10 |
|    C5    | 9.42 | 9.21 | 9.69 | 8.10 | 0.00 |
+----------+------+------+------+------+------+

AVERAGE RSMD BETWEEN CLUSTERS : 5.85
